<?xml version="1.0" encoding="UTF-8"?>
<!-- Generated by org.testng.reporters.JUnitReportReporter -->
<testsuite hostname="sr011" name="bdms.NewTest" tests="1" failures="0" timestamp="21 Aug 2017 09:36:48 GMT" time="0.016" errors="0">
  <testcase name="f" time="0.016" classname="bdms.NewTest"/>
</testsuite> <!-- bdms.NewTest -->
