<?xml version="1.0" encoding="UTF-8"?>
<!-- Generated by org.testng.reporters.JUnitReportReporter -->
<testsuite hostname="sr011" name="bdms.StagingServer" tests="1" failures="0" timestamp="23 Aug 2017 08:28:03 GMT" time="12.665" errors="0">
  <testcase name="testjenkins" time="12.665" classname="bdms.StagingServer"/>
</testsuite> <!-- bdms.StagingServer -->
